Building DAG of jobs...

rule download:
    output: ../data/external/Cabezas/raw/SRR1037447/fastq/, ../data/external/Cabezas/raw/SRR1037447/fastq/SRR1037447_1.fastq, ../data/external/Cabezas/raw/SRR1037447/fastq/SRR1037447_2.fastq
    log: ../data/external/Cabezas/raw/SRR1037447/fastq/SRR1037447.log
    jobid: 7
    wildcards: sra=SRR1037447


rule download:
    output: ../data/external/Cabezas/raw/SRR1037444/fastq/, ../data/external/Cabezas/raw/SRR1037444/fastq/SRR1037444_1.fastq, ../data/external/Cabezas/raw/SRR1037444/fastq/SRR1037444_2.fastq
    log: ../data/external/Cabezas/raw/SRR1037444/fastq/SRR1037444.log
    jobid: 99
    wildcards: sra=SRR1037444


rule download:
    output: ../data/external/Cabezas/raw/SRR1037460/fastq/, ../data/external/Cabezas/raw/SRR1037460/fastq/SRR1037460_1.fastq, ../data/external/Cabezas/raw/SRR1037460/fastq/SRR1037460_2.fastq
    log: ../data/external/Cabezas/raw/SRR1037460/fastq/SRR1037460.log
    jobid: 13
    wildcards: sra=SRR1037460


rule download:
    output: ../data/external/Cabezas/raw/SRR1037446/fastq/, ../data/external/Cabezas/raw/SRR1037446/fastq/SRR1037446_1.fastq, ../data/external/Cabezas/raw/SRR1037446/fastq/SRR1037446_2.fastq
    log: ../data/external/Cabezas/raw/SRR1037446/fastq/SRR1037446.log
    jobid: 142
    wildcards: sra=SRR1037446


rule download:
    output: ../data/external/Cabezas/raw/SRR1037441/fastq/, ../data/external/Cabezas/raw/SRR1037441/fastq/SRR1037441_1.fastq, ../data/external/Cabezas/raw/SRR1037441/fastq/SRR1037441_2.fastq
    log: ../data/external/Cabezas/raw/SRR1037441/fastq/SRR1037441.log
    jobid: 11
    wildcards: sra=SRR1037441


rule download:
    output: ../data/external/Cabezas/raw/SRR1037459/fastq/, ../data/external/Cabezas/raw/SRR1037459/fastq/SRR1037459_1.fastq, ../data/external/Cabezas/raw/SRR1037459/fastq/SRR1037459_2.fastq
    log: ../data/external/Cabezas/raw/SRR1037459/fastq/SRR1037459.log
    jobid: 144
    wildcards: sra=SRR1037459


rule download:
    output: ../data/external/Cabezas/raw/SRR1037439/fastq/, ../data/external/Cabezas/raw/SRR1037439/fastq/SRR1037439_1.fastq, ../data/external/Cabezas/raw/SRR1037439/fastq/SRR1037439_2.fastq
    log: ../data/external/Cabezas/raw/SRR1037439/fastq/SRR1037439.log
    jobid: 120
    wildcards: sra=SRR1037439


rule download:
    output: ../data/external/Cabezas/raw/SRR1037461/fastq/, ../data/external/Cabezas/raw/SRR1037461/fastq/SRR1037461_1.fastq, ../data/external/Cabezas/raw/SRR1037461/fastq/SRR1037461_2.fastq
    log: ../data/external/Cabezas/raw/SRR1037461/fastq/SRR1037461.log
    jobid: 48
    wildcards: sra=SRR1037461


rule download:
    output: ../data/external/Cabezas/raw/SRR1037445/fastq/, ../data/external/Cabezas/raw/SRR1037445/fastq/SRR1037445_1.fastq, ../data/external/Cabezas/raw/SRR1037445/fastq/SRR1037445_2.fastq
    log: ../data/external/Cabezas/raw/SRR1037445/fastq/SRR1037445.log
    jobid: 4
    wildcards: sra=SRR1037445


rule download:
    output: ../data/external/Cabezas/raw/SRR1037448/fastq/, ../data/external/Cabezas/raw/SRR1037448/fastq/SRR1037448_1.fastq, ../data/external/Cabezas/raw/SRR1037448/fastq/SRR1037448_2.fastq
    log: ../data/external/Cabezas/raw/SRR1037448/fastq/SRR1037448.log
    jobid: 177
    wildcards: sra=SRR1037448


rule download:
    output: ../data/external/Cabezas/raw/SRR1037434/fastq/, ../data/external/Cabezas/raw/SRR1037434/fastq/SRR1037434_1.fastq, ../data/external/Cabezas/raw/SRR1037434/fastq/SRR1037434_2.fastq
    log: ../data/external/Cabezas/raw/SRR1037434/fastq/SRR1037434.log
    jobid: 45
    wildcards: sra=SRR1037434


rule download:
    output: ../data/external/Cabezas/raw/SRR1037464/fastq/, ../data/external/Cabezas/raw/SRR1037464/fastq/SRR1037464_1.fastq, ../data/external/Cabezas/raw/SRR1037464/fastq/SRR1037464_2.fastq
    log: ../data/external/Cabezas/raw/SRR1037464/fastq/SRR1037464.log
    jobid: 102
    wildcards: sra=SRR1037464


rule download:
    output: ../data/external/Cabezas/raw/SRR1037435/fastq/, ../data/external/Cabezas/raw/SRR1037435/fastq/SRR1037435_1.fastq, ../data/external/Cabezas/raw/SRR1037435/fastq/SRR1037435_2.fastq
    log: ../data/external/Cabezas/raw/SRR1037435/fastq/SRR1037435.log
    jobid: 168
    wildcards: sra=SRR1037435


rule download:
    output: ../data/external/Cabezas/raw/SRR1037442/fastq/, ../data/external/Cabezas/raw/SRR1037442/fastq/SRR1037442_1.fastq, ../data/external/Cabezas/raw/SRR1037442/fastq/SRR1037442_2.fastq
    log: ../data/external/Cabezas/raw/SRR1037442/fastq/SRR1037442.log
    jobid: 128
    wildcards: sra=SRR1037442


rule download:
    output: ../data/external/Cabezas/raw/SRR1037469/fastq/, ../data/external/Cabezas/raw/SRR1037469/fastq/SRR1037469_1.fastq, ../data/external/Cabezas/raw/SRR1037469/fastq/SRR1037469_2.fastq
    log: ../data/external/Cabezas/raw/SRR1037469/fastq/SRR1037469.log
    jobid: 14
    wildcards: sra=SRR1037469


rule download:
    output: ../data/external/Cabezas/raw/SRR1037471/fastq/, ../data/external/Cabezas/raw/SRR1037471/fastq/SRR1037471_1.fastq, ../data/external/Cabezas/raw/SRR1037471/fastq/SRR1037471_2.fastq
    log: ../data/external/Cabezas/raw/SRR1037471/fastq/SRR1037471.log
    jobid: 22
    wildcards: sra=SRR1037471


rule download:
    output: ../data/external/Cabezas/raw/SRR1037477/fastq/, ../data/external/Cabezas/raw/SRR1037477/fastq/SRR1037477_1.fastq, ../data/external/Cabezas/raw/SRR1037477/fastq/SRR1037477_2.fastq
    log: ../data/external/Cabezas/raw/SRR1037477/fastq/SRR1037477.log
    jobid: 181
    wildcards: sra=SRR1037477


rule download:
    output: ../data/external/Cabezas/raw/SRR1037456/fastq/, ../data/external/Cabezas/raw/SRR1037456/fastq/SRR1037456_1.fastq, ../data/external/Cabezas/raw/SRR1037456/fastq/SRR1037456_2.fastq
    log: ../data/external/Cabezas/raw/SRR1037456/fastq/SRR1037456.log
    jobid: 166
    wildcards: sra=SRR1037456


rule download:
    output: ../data/external/Cabezas/raw/SRR1037440/fastq/, ../data/external/Cabezas/raw/SRR1037440/fastq/SRR1037440_1.fastq, ../data/external/Cabezas/raw/SRR1037440/fastq/SRR1037440_2.fastq
    log: ../data/external/Cabezas/raw/SRR1037440/fastq/SRR1037440.log
    jobid: 190
    wildcards: sra=SRR1037440


rule download:
    output: ../data/external/Cabezas/raw/SRR1037436/fastq/, ../data/external/Cabezas/raw/SRR1037436/fastq/SRR1037436_1.fastq, ../data/external/Cabezas/raw/SRR1037436/fastq/SRR1037436_2.fastq
    log: ../data/external/Cabezas/raw/SRR1037436/fastq/SRR1037436.log
    jobid: 152
    wildcards: sra=SRR1037436


rule download:
    output: ../data/external/Cabezas/raw/SRR1037472/fastq/, ../data/external/Cabezas/raw/SRR1037472/fastq/SRR1037472_1.fastq, ../data/external/Cabezas/raw/SRR1037472/fastq/SRR1037472_2.fastq
    log: ../data/external/Cabezas/raw/SRR1037472/fastq/SRR1037472.log
    jobid: 195
    wildcards: sra=SRR1037472


rule download:
    output: ../data/external/Cabezas/raw/SRR1037470/fastq/, ../data/external/Cabezas/raw/SRR1037470/fastq/SRR1037470_1.fastq, ../data/external/Cabezas/raw/SRR1037470/fastq/SRR1037470_2.fastq
    log: ../data/external/Cabezas/raw/SRR1037470/fastq/SRR1037470.log
    jobid: 26
    wildcards: sra=SRR1037470


rule download:
    output: ../data/external/Cabezas/raw/SRR1037451/fastq/, ../data/external/Cabezas/raw/SRR1037451/fastq/SRR1037451_1.fastq, ../data/external/Cabezas/raw/SRR1037451/fastq/SRR1037451_2.fastq
    log: ../data/external/Cabezas/raw/SRR1037451/fastq/SRR1037451.log
    jobid: 153
    wildcards: sra=SRR1037451


rule download:
    output: ../data/external/Cabezas/raw/SRR1037473/fastq/, ../data/external/Cabezas/raw/SRR1037473/fastq/SRR1037473_1.fastq, ../data/external/Cabezas/raw/SRR1037473/fastq/SRR1037473_2.fastq
    log: ../data/external/Cabezas/raw/SRR1037473/fastq/SRR1037473.log
    jobid: 187
    wildcards: sra=SRR1037473


rule download:
    output: ../data/external/Cabezas/raw/SRR1037450/fastq/, ../data/external/Cabezas/raw/SRR1037450/fastq/SRR1037450_1.fastq, ../data/external/Cabezas/raw/SRR1037450/fastq/SRR1037450_2.fastq
    log: ../data/external/Cabezas/raw/SRR1037450/fastq/SRR1037450.log
    jobid: 107
    wildcards: sra=SRR1037450


rule download:
    output: ../data/external/Cabezas/raw/SRR1037455/fastq/, ../data/external/Cabezas/raw/SRR1037455/fastq/SRR1037455_1.fastq, ../data/external/Cabezas/raw/SRR1037455/fastq/SRR1037455_2.fastq
    log: ../data/external/Cabezas/raw/SRR1037455/fastq/SRR1037455.log
    jobid: 131
    wildcards: sra=SRR1037455


rule download:
    output: ../data/external/Cabezas/raw/SRR1037454/fastq/, ../data/external/Cabezas/raw/SRR1037454/fastq/SRR1037454_1.fastq, ../data/external/Cabezas/raw/SRR1037454/fastq/SRR1037454_2.fastq
    log: ../data/external/Cabezas/raw/SRR1037454/fastq/SRR1037454.log
    jobid: 138
    wildcards: sra=SRR1037454


rule download:
    output: ../data/external/Cabezas/raw/SRR1037438/fastq/, ../data/external/Cabezas/raw/SRR1037438/fastq/SRR1037438_1.fastq, ../data/external/Cabezas/raw/SRR1037438/fastq/SRR1037438_2.fastq
    log: ../data/external/Cabezas/raw/SRR1037438/fastq/SRR1037438.log
    jobid: 91
    wildcards: sra=SRR1037438


rule download:
    output: ../data/external/Cabezas/raw/SRR1037452/fastq/, ../data/external/Cabezas/raw/SRR1037452/fastq/SRR1037452_1.fastq, ../data/external/Cabezas/raw/SRR1037452/fastq/SRR1037452_2.fastq
    log: ../data/external/Cabezas/raw/SRR1037452/fastq/SRR1037452.log
    jobid: 143
    wildcards: sra=SRR1037452


rule download:
    output: ../data/external/Cabezas/raw/SRR1037449/fastq/, ../data/external/Cabezas/raw/SRR1037449/fastq/SRR1037449_1.fastq, ../data/external/Cabezas/raw/SRR1037449/fastq/SRR1037449_2.fastq
    log: ../data/external/Cabezas/raw/SRR1037449/fastq/SRR1037449.log
    jobid: 196
    wildcards: sra=SRR1037449


rule download:
    output: ../data/external/Cabezas/raw/SRR1037468/fastq/, ../data/external/Cabezas/raw/SRR1037468/fastq/SRR1037468_1.fastq, ../data/external/Cabezas/raw/SRR1037468/fastq/SRR1037468_2.fastq
    log: ../data/external/Cabezas/raw/SRR1037468/fastq/SRR1037468.log
    jobid: 105
    wildcards: sra=SRR1037468


rule download:
    output: ../data/external/Cabezas/raw/SRR1037475/fastq/, ../data/external/Cabezas/raw/SRR1037475/fastq/SRR1037475_1.fastq, ../data/external/Cabezas/raw/SRR1037475/fastq/SRR1037475_2.fastq
    log: ../data/external/Cabezas/raw/SRR1037475/fastq/SRR1037475.log
    jobid: 139
    wildcards: sra=SRR1037475


rule download:
    output: ../data/external/Cabezas/raw/SRR1037476/fastq/, ../data/external/Cabezas/raw/SRR1037476/fastq/SRR1037476_1.fastq, ../data/external/Cabezas/raw/SRR1037476/fastq/SRR1037476_2.fastq
    log: ../data/external/Cabezas/raw/SRR1037476/fastq/SRR1037476.log
    jobid: 5
    wildcards: sra=SRR1037476


rule download:
    output: ../data/external/Cabezas/raw/SRR1037458/fastq/, ../data/external/Cabezas/raw/SRR1037458/fastq/SRR1037458_1.fastq, ../data/external/Cabezas/raw/SRR1037458/fastq/SRR1037458_2.fastq
    log: ../data/external/Cabezas/raw/SRR1037458/fastq/SRR1037458.log
    jobid: 197
    wildcards: sra=SRR1037458


rule download:
    output: ../data/external/Cabezas/raw/SRR1037466/fastq/, ../data/external/Cabezas/raw/SRR1037466/fastq/SRR1037466_1.fastq, ../data/external/Cabezas/raw/SRR1037466/fastq/SRR1037466_2.fastq
    log: ../data/external/Cabezas/raw/SRR1037466/fastq/SRR1037466.log
    jobid: 122
    wildcards: sra=SRR1037466


rule download:
    output: ../data/external/Cabezas/raw/SRR1037465/fastq/, ../data/external/Cabezas/raw/SRR1037465/fastq/SRR1037465_1.fastq, ../data/external/Cabezas/raw/SRR1037465/fastq/SRR1037465_2.fastq
    log: ../data/external/Cabezas/raw/SRR1037465/fastq/SRR1037465.log
    jobid: 100
    wildcards: sra=SRR1037465


rule download:
    output: ../data/external/Cabezas/raw/SRR1037463/fastq/, ../data/external/Cabezas/raw/SRR1037463/fastq/SRR1037463_1.fastq, ../data/external/Cabezas/raw/SRR1037463/fastq/SRR1037463_2.fastq
    log: ../data/external/Cabezas/raw/SRR1037463/fastq/SRR1037463.log
    jobid: 198
    wildcards: sra=SRR1037463


rule download:
    output: ../data/external/Cabezas/raw/SRR1037457/fastq/, ../data/external/Cabezas/raw/SRR1037457/fastq/SRR1037457_1.fastq, ../data/external/Cabezas/raw/SRR1037457/fastq/SRR1037457_2.fastq
    log: ../data/external/Cabezas/raw/SRR1037457/fastq/SRR1037457.log
    jobid: 134
    wildcards: sra=SRR1037457


rule download:
    output: ../data/external/Cabezas/raw/SRR1037474/fastq/, ../data/external/Cabezas/raw/SRR1037474/fastq/SRR1037474_1.fastq, ../data/external/Cabezas/raw/SRR1037474/fastq/SRR1037474_2.fastq
    log: ../data/external/Cabezas/raw/SRR1037474/fastq/SRR1037474.log
    jobid: 169
    wildcards: sra=SRR1037474


rule download:
    output: ../data/external/Cabezas/raw/SRR1037433/fastq/, ../data/external/Cabezas/raw/SRR1037433/fastq/SRR1037433_1.fastq, ../data/external/Cabezas/raw/SRR1037433/fastq/SRR1037433_2.fastq
    log: ../data/external/Cabezas/raw/SRR1037433/fastq/SRR1037433.log
    jobid: 179
    wildcards: sra=SRR1037433


rule download:
    output: ../data/external/Cabezas/raw/SRR1037453/fastq/, ../data/external/Cabezas/raw/SRR1037453/fastq/SRR1037453_1.fastq, ../data/external/Cabezas/raw/SRR1037453/fastq/SRR1037453_2.fastq
    log: ../data/external/Cabezas/raw/SRR1037453/fastq/SRR1037453.log
    jobid: 42
    wildcards: sra=SRR1037453


rule download:
    output: ../data/external/Cabezas/raw/SRR1037467/fastq/, ../data/external/Cabezas/raw/SRR1037467/fastq/SRR1037467_1.fastq, ../data/external/Cabezas/raw/SRR1037467/fastq/SRR1037467_2.fastq
    log: ../data/external/Cabezas/raw/SRR1037467/fastq/SRR1037467.log
    jobid: 111
    wildcards: sra=SRR1037467


rule download:
    output: ../data/external/Cabezas/raw/SRR1037437/fastq/, ../data/external/Cabezas/raw/SRR1037437/fastq/SRR1037437_1.fastq, ../data/external/Cabezas/raw/SRR1037437/fastq/SRR1037437_2.fastq
    log: ../data/external/Cabezas/raw/SRR1037437/fastq/SRR1037437.log
    jobid: 60
    wildcards: sra=SRR1037437


rule download:
    output: ../data/external/Cabezas/raw/SRR1037443/fastq/, ../data/external/Cabezas/raw/SRR1037443/fastq/SRR1037443_1.fastq, ../data/external/Cabezas/raw/SRR1037443/fastq/SRR1037443_2.fastq
    log: ../data/external/Cabezas/raw/SRR1037443/fastq/SRR1037443.log
    jobid: 61
    wildcards: sra=SRR1037443


rule download:
    output: ../data/external/Cabezas/raw/SRR1037462/fastq/, ../data/external/Cabezas/raw/SRR1037462/fastq/SRR1037462_1.fastq, ../data/external/Cabezas/raw/SRR1037462/fastq/SRR1037462_2.fastq
    log: ../data/external/Cabezas/raw/SRR1037462/fastq/SRR1037462.log
    jobid: 170
    wildcards: sra=SRR1037462


rule trim:
    input: ../data/external/Cabezas/raw/SRR1037447/fastq/SRR1037447_1.fastq, ../data/external/Cabezas/raw/SRR1037447/fastq/SRR1037447_2.fastq
    output: ../data/external/Cabezas/raw/SRR1037447/trimmed/, ../data/external/Cabezas/raw/SRR1037447/trimmed/SRR1037447_1_val_1.fq, ../data/external/Cabezas/raw/SRR1037447/trimmed/SRR1037447_2_val_2.fq
    log: ../data/external/Cabezas/raw/SRR1037447/trimmed/SRR1037447.log
    jobid: 165
    wildcards: sra=SRR1037447


rule trim:
    input: ../data/external/Cabezas/raw/SRR1037440/fastq/SRR1037440_1.fastq, ../data/external/Cabezas/raw/SRR1037440/fastq/SRR1037440_2.fastq
    output: ../data/external/Cabezas/raw/SRR1037440/trimmed/, ../data/external/Cabezas/raw/SRR1037440/trimmed/SRR1037440_1_val_1.fq, ../data/external/Cabezas/raw/SRR1037440/trimmed/SRR1037440_2_val_2.fq
    log: ../data/external/Cabezas/raw/SRR1037440/trimmed/SRR1037440.log
    jobid: 156
    wildcards: sra=SRR1037440


rule trim:
    input: ../data/external/Cabezas/raw/SRR1037438/fastq/SRR1037438_1.fastq, ../data/external/Cabezas/raw/SRR1037438/fastq/SRR1037438_2.fastq
    output: ../data/external/Cabezas/raw/SRR1037438/trimmed/, ../data/external/Cabezas/raw/SRR1037438/trimmed/SRR1037438_1_val_1.fq, ../data/external/Cabezas/raw/SRR1037438/trimmed/SRR1037438_2_val_2.fq
    log: ../data/external/Cabezas/raw/SRR1037438/trimmed/SRR1037438.log
    jobid: 189
    wildcards: sra=SRR1037438


rule trim:
    input: ../data/external/Cabezas/raw/SRR1037454/fastq/SRR1037454_1.fastq, ../data/external/Cabezas/raw/SRR1037454/fastq/SRR1037454_2.fastq
    output: ../data/external/Cabezas/raw/SRR1037454/trimmed/, ../data/external/Cabezas/raw/SRR1037454/trimmed/SRR1037454_1_val_1.fq, ../data/external/Cabezas/raw/SRR1037454/trimmed/SRR1037454_2_val_2.fq
    log: ../data/external/Cabezas/raw/SRR1037454/trimmed/SRR1037454.log
    jobid: 171
    wildcards: sra=SRR1037454


rule trim:
    input: ../data/external/Cabezas/raw/SRR1037436/fastq/SRR1037436_1.fastq, ../data/external/Cabezas/raw/SRR1037436/fastq/SRR1037436_2.fastq
    output: ../data/external/Cabezas/raw/SRR1037436/trimmed/, ../data/external/Cabezas/raw/SRR1037436/trimmed/SRR1037436_1_val_1.fq, ../data/external/Cabezas/raw/SRR1037436/trimmed/SRR1037436_2_val_2.fq
    log: ../data/external/Cabezas/raw/SRR1037436/trimmed/SRR1037436.log
    jobid: 184
    wildcards: sra=SRR1037436


rule trim:
    input: ../data/external/Cabezas/raw/SRR1037467/fastq/SRR1037467_1.fastq, ../data/external/Cabezas/raw/SRR1037467/fastq/SRR1037467_2.fastq
    output: ../data/external/Cabezas/raw/SRR1037467/trimmed/, ../data/external/Cabezas/raw/SRR1037467/trimmed/SRR1037467_1_val_1.fq, ../data/external/Cabezas/raw/SRR1037467/trimmed/SRR1037467_2_val_2.fq
    log: ../data/external/Cabezas/raw/SRR1037467/trimmed/SRR1037467.log
    jobid: 24
    wildcards: sra=SRR1037467


rule trim:
    input: ../data/external/Cabezas/raw/SRR1037459/fastq/SRR1037459_1.fastq, ../data/external/Cabezas/raw/SRR1037459/fastq/SRR1037459_2.fastq
    output: ../data/external/Cabezas/raw/SRR1037459/trimmed/, ../data/external/Cabezas/raw/SRR1037459/trimmed/SRR1037459_1_val_1.fq, ../data/external/Cabezas/raw/SRR1037459/trimmed/SRR1037459_2_val_2.fq
    log: ../data/external/Cabezas/raw/SRR1037459/trimmed/SRR1037459.log
    jobid: 1
    wildcards: sra=SRR1037459


rule trim:
    input: ../data/external/Cabezas/raw/SRR1037433/fastq/SRR1037433_1.fastq, ../data/external/Cabezas/raw/SRR1037433/fastq/SRR1037433_2.fastq
    output: ../data/external/Cabezas/raw/SRR1037433/trimmed/, ../data/external/Cabezas/raw/SRR1037433/trimmed/SRR1037433_1_val_1.fq, ../data/external/Cabezas/raw/SRR1037433/trimmed/SRR1037433_2_val_2.fq
    log: ../data/external/Cabezas/raw/SRR1037433/trimmed/SRR1037433.log
    jobid: 109
    wildcards: sra=SRR1037433


rule trim:
    input: ../data/external/Cabezas/raw/SRR1037476/fastq/SRR1037476_1.fastq, ../data/external/Cabezas/raw/SRR1037476/fastq/SRR1037476_2.fastq
    output: ../data/external/Cabezas/raw/SRR1037476/trimmed/, ../data/external/Cabezas/raw/SRR1037476/trimmed/SRR1037476_1_val_1.fq, ../data/external/Cabezas/raw/SRR1037476/trimmed/SRR1037476_2_val_2.fq
    log: ../data/external/Cabezas/raw/SRR1037476/trimmed/SRR1037476.log
    jobid: 194
    wildcards: sra=SRR1037476


rule trim:
    input: ../data/external/Cabezas/raw/SRR1037475/fastq/SRR1037475_1.fastq, ../data/external/Cabezas/raw/SRR1037475/fastq/SRR1037475_2.fastq
    output: ../data/external/Cabezas/raw/SRR1037475/trimmed/, ../data/external/Cabezas/raw/SRR1037475/trimmed/SRR1037475_1_val_1.fq, ../data/external/Cabezas/raw/SRR1037475/trimmed/SRR1037475_2_val_2.fq
    log: ../data/external/Cabezas/raw/SRR1037475/trimmed/SRR1037475.log
    jobid: 47
    wildcards: sra=SRR1037475


rule trim:
    input: ../data/external/Cabezas/raw/SRR1037444/fastq/SRR1037444_1.fastq, ../data/external/Cabezas/raw/SRR1037444/fastq/SRR1037444_2.fastq
    output: ../data/external/Cabezas/raw/SRR1037444/trimmed/, ../data/external/Cabezas/raw/SRR1037444/trimmed/SRR1037444_1_val_1.fq, ../data/external/Cabezas/raw/SRR1037444/trimmed/SRR1037444_2_val_2.fq
    log: ../data/external/Cabezas/raw/SRR1037444/trimmed/SRR1037444.log
    jobid: 56
    wildcards: sra=SRR1037444


rule trim:
    input: ../data/external/Cabezas/raw/SRR1037473/fastq/SRR1037473_1.fastq, ../data/external/Cabezas/raw/SRR1037473/fastq/SRR1037473_2.fastq
    output: ../data/external/Cabezas/raw/SRR1037473/trimmed/, ../data/external/Cabezas/raw/SRR1037473/trimmed/SRR1037473_1_val_1.fq, ../data/external/Cabezas/raw/SRR1037473/trimmed/SRR1037473_2_val_2.fq
    log: ../data/external/Cabezas/raw/SRR1037473/trimmed/SRR1037473.log
    jobid: 84
    wildcards: sra=SRR1037473


rule trim:
    input: ../data/external/Cabezas/raw/SRR1037443/fastq/SRR1037443_1.fastq, ../data/external/Cabezas/raw/SRR1037443/fastq/SRR1037443_2.fastq
    output: ../data/external/Cabezas/raw/SRR1037443/trimmed/, ../data/external/Cabezas/raw/SRR1037443/trimmed/SRR1037443_1_val_1.fq, ../data/external/Cabezas/raw/SRR1037443/trimmed/SRR1037443_2_val_2.fq
    log: ../data/external/Cabezas/raw/SRR1037443/trimmed/SRR1037443.log
    jobid: 149
    wildcards: sra=SRR1037443


rule trim:
    input: ../data/external/Cabezas/raw/SRR1037464/fastq/SRR1037464_1.fastq, ../data/external/Cabezas/raw/SRR1037464/fastq/SRR1037464_2.fastq
    output: ../data/external/Cabezas/raw/SRR1037464/trimmed/, ../data/external/Cabezas/raw/SRR1037464/trimmed/SRR1037464_1_val_1.fq, ../data/external/Cabezas/raw/SRR1037464/trimmed/SRR1037464_2_val_2.fq
    log: ../data/external/Cabezas/raw/SRR1037464/trimmed/SRR1037464.log
    jobid: 15
    wildcards: sra=SRR1037464


rule trim:
    input: ../data/external/Cabezas/raw/SRR1037445/fastq/SRR1037445_1.fastq, ../data/external/Cabezas/raw/SRR1037445/fastq/SRR1037445_2.fastq
    output: ../data/external/Cabezas/raw/SRR1037445/trimmed/, ../data/external/Cabezas/raw/SRR1037445/trimmed/SRR1037445_1_val_1.fq, ../data/external/Cabezas/raw/SRR1037445/trimmed/SRR1037445_2_val_2.fq
    log: ../data/external/Cabezas/raw/SRR1037445/trimmed/SRR1037445.log
    jobid: 135
    wildcards: sra=SRR1037445


rule trim:
    input: ../data/external/Cabezas/raw/SRR1037439/fastq/SRR1037439_1.fastq, ../data/external/Cabezas/raw/SRR1037439/fastq/SRR1037439_2.fastq
    output: ../data/external/Cabezas/raw/SRR1037439/trimmed/, ../data/external/Cabezas/raw/SRR1037439/trimmed/SRR1037439_1_val_1.fq, ../data/external/Cabezas/raw/SRR1037439/trimmed/SRR1037439_2_val_2.fq
    log: ../data/external/Cabezas/raw/SRR1037439/trimmed/SRR1037439.log
    jobid: 145
    wildcards: sra=SRR1037439


rule trim:
    input: ../data/external/Cabezas/raw/SRR1037449/fastq/SRR1037449_1.fastq, ../data/external/Cabezas/raw/SRR1037449/fastq/SRR1037449_2.fastq
    output: ../data/external/Cabezas/raw/SRR1037449/trimmed/, ../data/external/Cabezas/raw/SRR1037449/trimmed/SRR1037449_1_val_1.fq, ../data/external/Cabezas/raw/SRR1037449/trimmed/SRR1037449_2_val_2.fq
    log: ../data/external/Cabezas/raw/SRR1037449/trimmed/SRR1037449.log
    jobid: 161
    wildcards: sra=SRR1037449


rule trim:
    input: ../data/external/Cabezas/raw/SRR1037450/fastq/SRR1037450_1.fastq, ../data/external/Cabezas/raw/SRR1037450/fastq/SRR1037450_2.fastq
    output: ../data/external/Cabezas/raw/SRR1037450/trimmed/, ../data/external/Cabezas/raw/SRR1037450/trimmed/SRR1037450_1_val_1.fq, ../data/external/Cabezas/raw/SRR1037450/trimmed/SRR1037450_2_val_2.fq
    log: ../data/external/Cabezas/raw/SRR1037450/trimmed/SRR1037450.log
    jobid: 25
    wildcards: sra=SRR1037450


rule trim:
    input: ../data/external/Cabezas/raw/SRR1037453/fastq/SRR1037453_1.fastq, ../data/external/Cabezas/raw/SRR1037453/fastq/SRR1037453_2.fastq
    output: ../data/external/Cabezas/raw/SRR1037453/trimmed/, ../data/external/Cabezas/raw/SRR1037453/trimmed/SRR1037453_1_val_1.fq, ../data/external/Cabezas/raw/SRR1037453/trimmed/SRR1037453_2_val_2.fq
    log: ../data/external/Cabezas/raw/SRR1037453/trimmed/SRR1037453.log
    jobid: 116
    wildcards: sra=SRR1037453


rule trim:
    input: ../data/external/Cabezas/raw/SRR1037477/fastq/SRR1037477_1.fastq, ../data/external/Cabezas/raw/SRR1037477/fastq/SRR1037477_2.fastq
    output: ../data/external/Cabezas/raw/SRR1037477/trimmed/, ../data/external/Cabezas/raw/SRR1037477/trimmed/SRR1037477_1_val_1.fq, ../data/external/Cabezas/raw/SRR1037477/trimmed/SRR1037477_2_val_2.fq
    log: ../data/external/Cabezas/raw/SRR1037477/trimmed/SRR1037477.log
    jobid: 38
    wildcards: sra=SRR1037477


rule trim:
    input: ../data/external/Cabezas/raw/SRR1037434/fastq/SRR1037434_1.fastq, ../data/external/Cabezas/raw/SRR1037434/fastq/SRR1037434_2.fastq
    output: ../data/external/Cabezas/raw/SRR1037434/trimmed/, ../data/external/Cabezas/raw/SRR1037434/trimmed/SRR1037434_1_val_1.fq, ../data/external/Cabezas/raw/SRR1037434/trimmed/SRR1037434_2_val_2.fq
    log: ../data/external/Cabezas/raw/SRR1037434/trimmed/SRR1037434.log
    jobid: 115
    wildcards: sra=SRR1037434


rule trim:
    input: ../data/external/Cabezas/raw/SRR1037469/fastq/SRR1037469_1.fastq, ../data/external/Cabezas/raw/SRR1037469/fastq/SRR1037469_2.fastq
    output: ../data/external/Cabezas/raw/SRR1037469/trimmed/, ../data/external/Cabezas/raw/SRR1037469/trimmed/SRR1037469_1_val_1.fq, ../data/external/Cabezas/raw/SRR1037469/trimmed/SRR1037469_2_val_2.fq
    log: ../data/external/Cabezas/raw/SRR1037469/trimmed/SRR1037469.log
    jobid: 103
    wildcards: sra=SRR1037469


rule trim:
    input: ../data/external/Cabezas/raw/SRR1037448/fastq/SRR1037448_1.fastq, ../data/external/Cabezas/raw/SRR1037448/fastq/SRR1037448_2.fastq
    output: ../data/external/Cabezas/raw/SRR1037448/trimmed/, ../data/external/Cabezas/raw/SRR1037448/trimmed/SRR1037448_1_val_1.fq, ../data/external/Cabezas/raw/SRR1037448/trimmed/SRR1037448_2_val_2.fq
    log: ../data/external/Cabezas/raw/SRR1037448/trimmed/SRR1037448.log
    jobid: 172
    wildcards: sra=SRR1037448


rule trim:
    input: ../data/external/Cabezas/raw/SRR1037470/fastq/SRR1037470_1.fastq, ../data/external/Cabezas/raw/SRR1037470/fastq/SRR1037470_2.fastq
    output: ../data/external/Cabezas/raw/SRR1037470/trimmed/, ../data/external/Cabezas/raw/SRR1037470/trimmed/SRR1037470_1_val_1.fq, ../data/external/Cabezas/raw/SRR1037470/trimmed/SRR1037470_2_val_2.fq
    log: ../data/external/Cabezas/raw/SRR1037470/trimmed/SRR1037470.log
    jobid: 108
    wildcards: sra=SRR1037470


rule trim:
    input: ../data/external/Cabezas/raw/SRR1037460/fastq/SRR1037460_1.fastq, ../data/external/Cabezas/raw/SRR1037460/fastq/SRR1037460_2.fastq
    output: ../data/external/Cabezas/raw/SRR1037460/trimmed/, ../data/external/Cabezas/raw/SRR1037460/trimmed/SRR1037460_1_val_1.fq, ../data/external/Cabezas/raw/SRR1037460/trimmed/SRR1037460_2_val_2.fq
    log: ../data/external/Cabezas/raw/SRR1037460/trimmed/SRR1037460.log
    jobid: 63
    wildcards: sra=SRR1037460


rule trim:
    input: ../data/external/Cabezas/raw/SRR1037465/fastq/SRR1037465_1.fastq, ../data/external/Cabezas/raw/SRR1037465/fastq/SRR1037465_2.fastq
    output: ../data/external/Cabezas/raw/SRR1037465/trimmed/, ../data/external/Cabezas/raw/SRR1037465/trimmed/SRR1037465_1_val_1.fq, ../data/external/Cabezas/raw/SRR1037465/trimmed/SRR1037465_2_val_2.fq
    log: ../data/external/Cabezas/raw/SRR1037465/trimmed/SRR1037465.log
    jobid: 148
    wildcards: sra=SRR1037465


rule trim:
    input: ../data/external/Cabezas/raw/SRR1037474/fastq/SRR1037474_1.fastq, ../data/external/Cabezas/raw/SRR1037474/fastq/SRR1037474_2.fastq
    output: ../data/external/Cabezas/raw/SRR1037474/trimmed/, ../data/external/Cabezas/raw/SRR1037474/trimmed/SRR1037474_1_val_1.fq, ../data/external/Cabezas/raw/SRR1037474/trimmed/SRR1037474_2_val_2.fq
    log: ../data/external/Cabezas/raw/SRR1037474/trimmed/SRR1037474.log
    jobid: 192
    wildcards: sra=SRR1037474


rule trim:
    input: ../data/external/Cabezas/raw/SRR1037451/fastq/SRR1037451_1.fastq, ../data/external/Cabezas/raw/SRR1037451/fastq/SRR1037451_2.fastq
    output: ../data/external/Cabezas/raw/SRR1037451/trimmed/, ../data/external/Cabezas/raw/SRR1037451/trimmed/SRR1037451_1_val_1.fq, ../data/external/Cabezas/raw/SRR1037451/trimmed/SRR1037451_2_val_2.fq
    log: ../data/external/Cabezas/raw/SRR1037451/trimmed/SRR1037451.log
    jobid: 146
    wildcards: sra=SRR1037451


rule trim:
    input: ../data/external/Cabezas/raw/SRR1037442/fastq/SRR1037442_1.fastq, ../data/external/Cabezas/raw/SRR1037442/fastq/SRR1037442_2.fastq
    output: ../data/external/Cabezas/raw/SRR1037442/trimmed/, ../data/external/Cabezas/raw/SRR1037442/trimmed/SRR1037442_1_val_1.fq, ../data/external/Cabezas/raw/SRR1037442/trimmed/SRR1037442_2_val_2.fq
    log: ../data/external/Cabezas/raw/SRR1037442/trimmed/SRR1037442.log
    jobid: 3
    wildcards: sra=SRR1037442


rule trim:
    input: ../data/external/Cabezas/raw/SRR1037461/fastq/SRR1037461_1.fastq, ../data/external/Cabezas/raw/SRR1037461/fastq/SRR1037461_2.fastq
    output: ../data/external/Cabezas/raw/SRR1037461/trimmed/, ../data/external/Cabezas/raw/SRR1037461/trimmed/SRR1037461_1_val_1.fq, ../data/external/Cabezas/raw/SRR1037461/trimmed/SRR1037461_2_val_2.fq
    log: ../data/external/Cabezas/raw/SRR1037461/trimmed/SRR1037461.log
    jobid: 119
    wildcards: sra=SRR1037461


rule trim:
    input: ../data/external/Cabezas/raw/SRR1037452/fastq/SRR1037452_1.fastq, ../data/external/Cabezas/raw/SRR1037452/fastq/SRR1037452_2.fastq
    output: ../data/external/Cabezas/raw/SRR1037452/trimmed/, ../data/external/Cabezas/raw/SRR1037452/trimmed/SRR1037452_1_val_1.fq, ../data/external/Cabezas/raw/SRR1037452/trimmed/SRR1037452_2_val_2.fq
    log: ../data/external/Cabezas/raw/SRR1037452/trimmed/SRR1037452.log
    jobid: 88
    wildcards: sra=SRR1037452


rule trim:
    input: ../data/external/Cabezas/raw/SRR1037437/fastq/SRR1037437_1.fastq, ../data/external/Cabezas/raw/SRR1037437/fastq/SRR1037437_2.fastq
    output: ../data/external/Cabezas/raw/SRR1037437/trimmed/, ../data/external/Cabezas/raw/SRR1037437/trimmed/SRR1037437_1_val_1.fq, ../data/external/Cabezas/raw/SRR1037437/trimmed/SRR1037437_2_val_2.fq
    log: ../data/external/Cabezas/raw/SRR1037437/trimmed/SRR1037437.log
    jobid: 150
    wildcards: sra=SRR1037437


rule trim:
    input: ../data/external/Cabezas/raw/SRR1037471/fastq/SRR1037471_1.fastq, ../data/external/Cabezas/raw/SRR1037471/fastq/SRR1037471_2.fastq
    output: ../data/external/Cabezas/raw/SRR1037471/trimmed/, ../data/external/Cabezas/raw/SRR1037471/trimmed/SRR1037471_1_val_1.fq, ../data/external/Cabezas/raw/SRR1037471/trimmed/SRR1037471_2_val_2.fq
    log: ../data/external/Cabezas/raw/SRR1037471/trimmed/SRR1037471.log
    jobid: 81
    wildcards: sra=SRR1037471


rule trim:
    input: ../data/external/Cabezas/raw/SRR1037456/fastq/SRR1037456_1.fastq, ../data/external/Cabezas/raw/SRR1037456/fastq/SRR1037456_2.fastq
    output: ../data/external/Cabezas/raw/SRR1037456/trimmed/, ../data/external/Cabezas/raw/SRR1037456/trimmed/SRR1037456_1_val_1.fq, ../data/external/Cabezas/raw/SRR1037456/trimmed/SRR1037456_2_val_2.fq
    log: ../data/external/Cabezas/raw/SRR1037456/trimmed/SRR1037456.log
    jobid: 44
    wildcards: sra=SRR1037456


rule trim:
    input: ../data/external/Cabezas/raw/SRR1037458/fastq/SRR1037458_1.fastq, ../data/external/Cabezas/raw/SRR1037458/fastq/SRR1037458_2.fastq
    output: ../data/external/Cabezas/raw/SRR1037458/trimmed/, ../data/external/Cabezas/raw/SRR1037458/trimmed/SRR1037458_1_val_1.fq, ../data/external/Cabezas/raw/SRR1037458/trimmed/SRR1037458_2_val_2.fq
    log: ../data/external/Cabezas/raw/SRR1037458/trimmed/SRR1037458.log
    jobid: 121
    wildcards: sra=SRR1037458


rule trim:
    input: ../data/external/Cabezas/raw/SRR1037435/fastq/SRR1037435_1.fastq, ../data/external/Cabezas/raw/SRR1037435/fastq/SRR1037435_2.fastq
    output: ../data/external/Cabezas/raw/SRR1037435/trimmed/, ../data/external/Cabezas/raw/SRR1037435/trimmed/SRR1037435_1_val_1.fq, ../data/external/Cabezas/raw/SRR1037435/trimmed/SRR1037435_2_val_2.fq
    log: ../data/external/Cabezas/raw/SRR1037435/trimmed/SRR1037435.log
    jobid: 127
    wildcards: sra=SRR1037435


rule trim:
    input: ../data/external/Cabezas/raw/SRR1037468/fastq/SRR1037468_1.fastq, ../data/external/Cabezas/raw/SRR1037468/fastq/SRR1037468_2.fastq
    output: ../data/external/Cabezas/raw/SRR1037468/trimmed/, ../data/external/Cabezas/raw/SRR1037468/trimmed/SRR1037468_1_val_1.fq, ../data/external/Cabezas/raw/SRR1037468/trimmed/SRR1037468_2_val_2.fq
    log: ../data/external/Cabezas/raw/SRR1037468/trimmed/SRR1037468.log
    jobid: 65
    wildcards: sra=SRR1037468


rule trim:
    input: ../data/external/Cabezas/raw/SRR1037457/fastq/SRR1037457_1.fastq, ../data/external/Cabezas/raw/SRR1037457/fastq/SRR1037457_2.fastq
    output: ../data/external/Cabezas/raw/SRR1037457/trimmed/, ../data/external/Cabezas/raw/SRR1037457/trimmed/SRR1037457_1_val_1.fq, ../data/external/Cabezas/raw/SRR1037457/trimmed/SRR1037457_2_val_2.fq
    log: ../data/external/Cabezas/raw/SRR1037457/trimmed/SRR1037457.log
    jobid: 32
    wildcards: sra=SRR1037457


rule trim:
    input: ../data/external/Cabezas/raw/SRR1037472/fastq/SRR1037472_1.fastq, ../data/external/Cabezas/raw/SRR1037472/fastq/SRR1037472_2.fastq
    output: ../data/external/Cabezas/raw/SRR1037472/trimmed/, ../data/external/Cabezas/raw/SRR1037472/trimmed/SRR1037472_1_val_1.fq, ../data/external/Cabezas/raw/SRR1037472/trimmed/SRR1037472_2_val_2.fq
    log: ../data/external/Cabezas/raw/SRR1037472/trimmed/SRR1037472.log
    jobid: 157
    wildcards: sra=SRR1037472


rule trim:
    input: ../data/external/Cabezas/raw/SRR1037455/fastq/SRR1037455_1.fastq, ../data/external/Cabezas/raw/SRR1037455/fastq/SRR1037455_2.fastq
    output: ../data/external/Cabezas/raw/SRR1037455/trimmed/, ../data/external/Cabezas/raw/SRR1037455/trimmed/SRR1037455_1_val_1.fq, ../data/external/Cabezas/raw/SRR1037455/trimmed/SRR1037455_2_val_2.fq
    log: ../data/external/Cabezas/raw/SRR1037455/trimmed/SRR1037455.log
    jobid: 186
    wildcards: sra=SRR1037455


rule trim:
    input: ../data/external/Cabezas/raw/SRR1037463/fastq/SRR1037463_1.fastq, ../data/external/Cabezas/raw/SRR1037463/fastq/SRR1037463_2.fastq
    output: ../data/external/Cabezas/raw/SRR1037463/trimmed/, ../data/external/Cabezas/raw/SRR1037463/trimmed/SRR1037463_1_val_1.fq, ../data/external/Cabezas/raw/SRR1037463/trimmed/SRR1037463_2_val_2.fq
    log: ../data/external/Cabezas/raw/SRR1037463/trimmed/SRR1037463.log
    jobid: 159
    wildcards: sra=SRR1037463


rule trim:
    input: ../data/external/Cabezas/raw/SRR1037462/fastq/SRR1037462_1.fastq, ../data/external/Cabezas/raw/SRR1037462/fastq/SRR1037462_2.fastq
    output: ../data/external/Cabezas/raw/SRR1037462/trimmed/, ../data/external/Cabezas/raw/SRR1037462/trimmed/SRR1037462_1_val_1.fq, ../data/external/Cabezas/raw/SRR1037462/trimmed/SRR1037462_2_val_2.fq
    log: ../data/external/Cabezas/raw/SRR1037462/trimmed/SRR1037462.log
    jobid: 49
    wildcards: sra=SRR1037462


rule trim:
    input: ../data/external/Cabezas/raw/SRR1037446/fastq/SRR1037446_1.fastq, ../data/external/Cabezas/raw/SRR1037446/fastq/SRR1037446_2.fastq
    output: ../data/external/Cabezas/raw/SRR1037446/trimmed/, ../data/external/Cabezas/raw/SRR1037446/trimmed/SRR1037446_1_val_1.fq, ../data/external/Cabezas/raw/SRR1037446/trimmed/SRR1037446_2_val_2.fq
    log: ../data/external/Cabezas/raw/SRR1037446/trimmed/SRR1037446.log
    jobid: 96
    wildcards: sra=SRR1037446


rule trim:
    input: ../data/external/Cabezas/raw/SRR1037466/fastq/SRR1037466_1.fastq, ../data/external/Cabezas/raw/SRR1037466/fastq/SRR1037466_2.fastq
    output: ../data/external/Cabezas/raw/SRR1037466/trimmed/, ../data/external/Cabezas/raw/SRR1037466/trimmed/SRR1037466_1_val_1.fq, ../data/external/Cabezas/raw/SRR1037466/trimmed/SRR1037466_2_val_2.fq
    log: ../data/external/Cabezas/raw/SRR1037466/trimmed/SRR1037466.log
    jobid: 8
    wildcards: sra=SRR1037466


rule trim:
    input: ../data/external/Cabezas/raw/SRR1037441/fastq/SRR1037441_1.fastq, ../data/external/Cabezas/raw/SRR1037441/fastq/SRR1037441_2.fastq
    output: ../data/external/Cabezas/raw/SRR1037441/trimmed/, ../data/external/Cabezas/raw/SRR1037441/trimmed/SRR1037441_1_val_1.fq, ../data/external/Cabezas/raw/SRR1037441/trimmed/SRR1037441_2_val_2.fq
    log: ../data/external/Cabezas/raw/SRR1037441/trimmed/SRR1037441.log
    jobid: 129
    wildcards: sra=SRR1037441


rule merge:
    input: SraRunTable.csv
    output: ../data/external/Cabezas/raw/GSM1274425/merged/merged.bam
    log: ../data/external/Cabezas/raw/GSM1274425/fastq/GSM1274425.log
    jobid: 71
    wildcards: sample=GSM1274425


rule merge:
    input: SraRunTable.csv
    output: ../data/external/Cabezas/raw/GSM1274429/merged/merged.bam
    log: ../data/external/Cabezas/raw/GSM1274429/fastq/GSM1274429.log
    jobid: 50
    wildcards: sample=GSM1274429


rule merge:
    input: SraRunTable.csv
    output: ../data/external/Cabezas/raw/GSM1274424/merged/merged.bam
    log: ../data/external/Cabezas/raw/GSM1274424/fastq/GSM1274424.log
    jobid: 92
    wildcards: sample=GSM1274424


rule merge:
    input: SraRunTable.csv
    output: ../data/external/Cabezas/raw/GSM1274435/merged/merged.bam
    log: ../data/external/Cabezas/raw/GSM1274435/fastq/GSM1274435.log
    jobid: 193
    wildcards: sample=GSM1274435


rule merge:
    input: SraRunTable.csv
    output: ../data/external/Cabezas/raw/GSM1274426/merged/merged.bam
    log: ../data/external/Cabezas/raw/GSM1274426/fastq/GSM1274426.log
    jobid: 79
    wildcards: sample=GSM1274426


rule merge:
    input: SraRunTable.csv
    output: ../data/external/Cabezas/raw/GSM1274430/merged/merged.bam
    log: ../data/external/Cabezas/raw/GSM1274430/fastq/GSM1274430.log
    jobid: 85
    wildcards: sample=GSM1274430


rule merge:
    input: SraRunTable.csv
    output: ../data/external/Cabezas/raw/GSM1274432/merged/merged.bam
    log: ../data/external/Cabezas/raw/GSM1274432/fastq/GSM1274432.log
    jobid: 90
    wildcards: sample=GSM1274432


rule merge:
    input: SraRunTable.csv
    output: ../data/external/Cabezas/raw/GSM1274428/merged/merged.bam
    log: ../data/external/Cabezas/raw/GSM1274428/fastq/GSM1274428.log
    jobid: 125
    wildcards: sample=GSM1274428


rule merge:
    input: SraRunTable.csv
    output: ../data/external/Cabezas/raw/GSM1274434/merged/merged.bam
    log: ../data/external/Cabezas/raw/GSM1274434/fastq/GSM1274434.log
    jobid: 106
    wildcards: sample=GSM1274434


rule merge:
    input: SraRunTable.csv
    output: ../data/external/Cabezas/raw/GSM1274431/merged/merged.bam
    log: ../data/external/Cabezas/raw/GSM1274431/fastq/GSM1274431.log
    jobid: 114
    wildcards: sample=GSM1274431


rule merge:
    input: SraRunTable.csv
    output: ../data/external/Cabezas/raw/GSM1274433/merged/merged.bam
    log: ../data/external/Cabezas/raw/GSM1274433/fastq/GSM1274433.log
    jobid: 136
    wildcards: sample=GSM1274433


rule merge:
    input: SraRunTable.csv
    output: ../data/external/Cabezas/raw/GSM1274427/merged/merged.bam
    log: ../data/external/Cabezas/raw/GSM1274427/fastq/GSM1274427.log
    jobid: 31
    wildcards: sample=GSM1274427


rule bismark_extract:
    input: ../data/external/Cabezas/raw/GSM1274430/merged/merged.bam
    output: ../data/external/Cabezas/raw/GSM1274430/extract/
    log: ../data/external/Cabezas/raw/GSM1274430/trimmed/GSM1274430.log
    jobid: 86
    wildcards: sample=GSM1274430


rule bismark_extract:
    input: ../data/external/Cabezas/raw/GSM1274431/merged/merged.bam
    output: ../data/external/Cabezas/raw/GSM1274431/extract/
    log: ../data/external/Cabezas/raw/GSM1274431/trimmed/GSM1274431.log
    jobid: 80
    wildcards: sample=GSM1274431


rule bismark_extract:
    input: ../data/external/Cabezas/raw/GSM1274432/merged/merged.bam
    output: ../data/external/Cabezas/raw/GSM1274432/extract/
    log: ../data/external/Cabezas/raw/GSM1274432/trimmed/GSM1274432.log
    jobid: 185
    wildcards: sample=GSM1274432


rule bismark_extract:
    input: ../data/external/Cabezas/raw/GSM1274433/merged/merged.bam
    output: ../data/external/Cabezas/raw/GSM1274433/extract/
    log: ../data/external/Cabezas/raw/GSM1274433/trimmed/GSM1274433.log
    jobid: 182
    wildcards: sample=GSM1274433


rule bismark_extract:
    input: ../data/external/Cabezas/raw/GSM1274429/merged/merged.bam
    output: ../data/external/Cabezas/raw/GSM1274429/extract/
    log: ../data/external/Cabezas/raw/GSM1274429/trimmed/GSM1274429.log
    jobid: 89
    wildcards: sample=GSM1274429


rule bismark_extract:
    input: ../data/external/Cabezas/raw/GSM1274425/merged/merged.bam
    output: ../data/external/Cabezas/raw/GSM1274425/extract/
    log: ../data/external/Cabezas/raw/GSM1274425/trimmed/GSM1274425.log
    jobid: 67
    wildcards: sample=GSM1274425


rule bismark_extract:
    input: ../data/external/Cabezas/raw/GSM1274427/merged/merged.bam
    output: ../data/external/Cabezas/raw/GSM1274427/extract/
    log: ../data/external/Cabezas/raw/GSM1274427/trimmed/GSM1274427.log
    jobid: 68
    wildcards: sample=GSM1274427


rule bismark_extract:
    input: ../data/external/Cabezas/raw/GSM1274424/merged/merged.bam
    output: ../data/external/Cabezas/raw/GSM1274424/extract/
    log: ../data/external/Cabezas/raw/GSM1274424/trimmed/GSM1274424.log
    jobid: 23
    wildcards: sample=GSM1274424


rule bismark_extract:
    input: ../data/external/Cabezas/raw/GSM1274428/merged/merged.bam
    output: ../data/external/Cabezas/raw/GSM1274428/extract/
    log: ../data/external/Cabezas/raw/GSM1274428/trimmed/GSM1274428.log
    jobid: 40
    wildcards: sample=GSM1274428


rule bismark_extract:
    input: ../data/external/Cabezas/raw/GSM1274426/merged/merged.bam
    output: ../data/external/Cabezas/raw/GSM1274426/extract/
    log: ../data/external/Cabezas/raw/GSM1274426/trimmed/GSM1274426.log
    jobid: 41
    wildcards: sample=GSM1274426


rule bismark_extract:
    input: ../data/external/Cabezas/raw/GSM1274435/merged/merged.bam
    output: ../data/external/Cabezas/raw/GSM1274435/extract/
    log: ../data/external/Cabezas/raw/GSM1274435/trimmed/GSM1274435.log
    jobid: 117
    wildcards: sample=GSM1274435


rule bismark_extract:
    input: ../data/external/Cabezas/raw/GSM1274434/merged/merged.bam
    output: ../data/external/Cabezas/raw/GSM1274434/extract/
    log: ../data/external/Cabezas/raw/GSM1274434/trimmed/GSM1274434.log
    jobid: 124
    wildcards: sample=GSM1274434


rule sort_index:
    input: ../data/external/Cabezas/raw/GSM1274434/merged/merged.bam
    output: ../data/external/Cabezas/raw/GSM1274434/merged/merged_sorted.bam
    jobid: 133
    wildcards: sample=GSM1274434


rule sort_index:
    input: ../data/external/Cabezas/raw/GSM1274428/merged/merged.bam
    output: ../data/external/Cabezas/raw/GSM1274428/merged/merged_sorted.bam
    jobid: 151
    wildcards: sample=GSM1274428


rule sort_index:
    input: ../data/external/Cabezas/raw/GSM1274430/merged/merged.bam
    output: ../data/external/Cabezas/raw/GSM1274430/merged/merged_sorted.bam
    jobid: 6
    wildcards: sample=GSM1274430


rule rnbeads:
    input: ../data/external/Cabezas/raw/GSM1274424/extract/, ../data/external/Cabezas/raw/GSM1274425/extract/, ../data/external/Cabezas/raw/GSM1274426/extract/, ../data/external/Cabezas/raw/GSM1274427/extract/, ../data/external/Cabezas/raw/GSM1274428/extract/, ../data/external/Cabezas/raw/GSM1274429/extract/, ../data/external/Cabezas/raw/GSM1274430/extract/, ../data/external/Cabezas/raw/GSM1274431/extract/, ../data/external/Cabezas/raw/GSM1274432/extract/, ../data/external/Cabezas/raw/GSM1274433/extract/, ../data/external/Cabezas/raw/GSM1274434/extract/, ../data/external/Cabezas/raw/GSM1274435/extract/
    output: ../data/external/Cabezas/raw/rnbeads/report/
    log: ../data/external/Cabezas/raw/rnbeads/rnbeads.log
    jobid: 52


rule sort_index:
    input: ../data/external/Cabezas/raw/GSM1274426/merged/merged.bam
    output: ../data/external/Cabezas/raw/GSM1274426/merged/merged_sorted.bam
    jobid: 126
    wildcards: sample=GSM1274426


rule sort_index:
    input: ../data/external/Cabezas/raw/GSM1274425/merged/merged.bam
    output: ../data/external/Cabezas/raw/GSM1274425/merged/merged_sorted.bam
    jobid: 174
    wildcards: sample=GSM1274425


rule sort_index:
    input: ../data/external/Cabezas/raw/GSM1274432/merged/merged.bam
    output: ../data/external/Cabezas/raw/GSM1274432/merged/merged_sorted.bam
    jobid: 95
    wildcards: sample=GSM1274432


rule sort_index:
    input: ../data/external/Cabezas/raw/GSM1274431/merged/merged.bam
    output: ../data/external/Cabezas/raw/GSM1274431/merged/merged_sorted.bam
    jobid: 98
    wildcards: sample=GSM1274431


rule sort_index:
    input: ../data/external/Cabezas/raw/GSM1274435/merged/merged.bam
    output: ../data/external/Cabezas/raw/GSM1274435/merged/merged_sorted.bam
    jobid: 188
    wildcards: sample=GSM1274435


rule sort_index:
    input: ../data/external/Cabezas/raw/GSM1274433/merged/merged.bam
    output: ../data/external/Cabezas/raw/GSM1274433/merged/merged_sorted.bam
    jobid: 163
    wildcards: sample=GSM1274433


rule sort_index:
    input: ../data/external/Cabezas/raw/GSM1274424/merged/merged.bam
    output: ../data/external/Cabezas/raw/GSM1274424/merged/merged_sorted.bam
    jobid: 53
    wildcards: sample=GSM1274424


rule sort_index:
    input: ../data/external/Cabezas/raw/GSM1274427/merged/merged.bam
    output: ../data/external/Cabezas/raw/GSM1274427/merged/merged_sorted.bam
    jobid: 158
    wildcards: sample=GSM1274427


rule sort_index:
    input: ../data/external/Cabezas/raw/GSM1274429/merged/merged.bam
    output: ../data/external/Cabezas/raw/GSM1274429/merged/merged_sorted.bam
    jobid: 46
    wildcards: sample=GSM1274429


rule compute_qfdrp:
    input: ../data/external/Cabezas/raw/GSM1274425/merged/merged_sorted.bam
    output: ../data/external/Cabezas/raw/WSH/GSM1274425/qFDRP/
    log: ../data/external/Cabezas/raw/WSH/GSM1274425/qFDRP/pdr.log
    jobid: 78
    wildcards: sample=GSM1274425

RuleException in line 187 of /nfs/users/lvelten/project/Methylome/src/selection_pipeline/snakemake/Snakefile:
NameError: The name 'sample' is unknown in this context. Please make sure that you defined that variable. Also note that braces not used for variable access have to be escaped by repeating them, i.e. {{print $1}}
