Step Name:pipe_GenBackground
All Parameters for This Step:
|Input:
|    inputForegroundBed:
|        "/users/lvelten/project/Methylome/src/selection_pipeline/enrichTF-pipeline/Step_00_pipe_UnzipAndMergeBed/cluster_3.bed"
|Output:
|    outputForegroundBed:
|        "/users/lvelten/project/Methylome/src/selection_pipeline/enrichTF-pipeline/Step_01_pipe_GenBackground/cluster_3.foreground.bed"
|    outputBackgroundBed:
|        "/users/lvelten/project/Methylome/src/selection_pipeline/enrichTF-pipeline/Step_01_pipe_GenBackground/cluster_3.background.bed"
|    outputRegionBed:
|        "/users/lvelten/project/Methylome/src/selection_pipeline/enrichTF-pipeline/Step_01_pipe_GenBackground/cluster_3.allregion.bed"
|Other Parameters:
|    bsgenome:
|        An object of BSgenome
|    regionLen:
|        1000
|    sampleNumb:
|        0
__________________________________________
Begin to check if it is finished...
2022-03-23 12:07:56
New step. Start processing data: 
2022-03-23 12:07:56
processing finished
All results have been saved.
Step Name:pipe_GenBackground
All Parameters for This Step:
|Input:
|    inputForegroundBed:
|        "/users/lvelten/project/Methylome/src/selection_pipeline/enrichTF-pipeline/Step_00_pipe_UnzipAndMergeBed/cluster_3.bed"
|Output:
|    outputForegroundBed:
|        "/users/lvelten/project/Methylome/src/selection_pipeline/enrichTF-pipeline/Step_01_pipe_GenBackground/cluster_3.foreground.bed"
|    outputBackgroundBed:
|        "/users/lvelten/project/Methylome/src/selection_pipeline/enrichTF-pipeline/Step_01_pipe_GenBackground/cluster_3.background.bed"
|    outputRegionBed:
|        "/users/lvelten/project/Methylome/src/selection_pipeline/enrichTF-pipeline/Step_01_pipe_GenBackground/cluster_3.allregion.bed"
|Other Parameters:
|    bsgenome:
|        An object of BSgenome
|    regionLen:
|        1000
|    sampleNumb:
|        0
__________________________________________
Begin to check if it is finished...
2022-03-23 12:25:37
New step. Start processing data: 
2022-03-23 12:25:38
processing finished
All results have been saved.
