Step Name:pipe_RegionConnectTargetGene
All Parameters for This Step:
|Input:
|    inputForegroundBed:
|        "/users/lvelten/project/Methylome/src/selection_pipeline/enrichTF-pipeline/Step_01_pipe_GenBackground/cluster_3.foreground.bed"
|    inputBackgroundBed:
|        "/users/lvelten/project/Methylome/src/selection_pipeline/enrichTF-pipeline/Step_01_pipe_GenBackground/cluster_3.background.bed"
|Output:
|    outputForegroundBed:
|        "/users/lvelten/project/Methylome/src/selection_pipeline/enrichTF-pipeline/Step_02_pipe_RegionConnectTargetGene/cluster_3.gene.foreground.bed"
|    ouputForgroundGeneTxt:
|        "/users/lvelten/project/Methylome/src/selection_pipeline/enrichTF-pipeline/Step_02_pipe_RegionConnectTargetGene/cluster_3.gene.foreground.txt"
|    outputBackgroundBed:
|        "/users/lvelten/project/Methylome/src/selection_pipeline/enrichTF-pipeline/Step_02_pipe_RegionConnectTargetGene/cluster_3.gene.background.bed"
|    regularGeneCorrBed:
|        "/users/lvelten/project/Methylome/src/selection_pipeline/refdir/hg19/RE_gene_corr.bed"
|    enhancerRegularGeneCorrBed:
|        "/users/lvelten/project/Methylome/src/selection_pipeline/refdir/hg19/Enhancer_RE_gene_corr.bed"
|Other Parameters:
__________________________________________
Begin to check if it is finished...
2022-03-23 12:08:39
New step. Start processing data: 
2022-03-23 12:08:40
processing finished
All results have been saved.
Step Name:pipe_RegionConnectTargetGene
All Parameters for This Step:
|Input:
|    inputForegroundBed:
|        "/users/lvelten/project/Methylome/src/selection_pipeline/enrichTF-pipeline/Step_01_pipe_GenBackground/cluster_3.foreground.bed"
|    inputBackgroundBed:
|        "/users/lvelten/project/Methylome/src/selection_pipeline/enrichTF-pipeline/Step_01_pipe_GenBackground/cluster_3.background.bed"
|Output:
|    outputForegroundBed:
|        "/users/lvelten/project/Methylome/src/selection_pipeline/enrichTF-pipeline/Step_02_pipe_RegionConnectTargetGene/cluster_3.gene.foreground.bed"
|    ouputForgroundGeneTxt:
|        "/users/lvelten/project/Methylome/src/selection_pipeline/enrichTF-pipeline/Step_02_pipe_RegionConnectTargetGene/cluster_3.gene.foreground.txt"
|    outputBackgroundBed:
|        "/users/lvelten/project/Methylome/src/selection_pipeline/enrichTF-pipeline/Step_02_pipe_RegionConnectTargetGene/cluster_3.gene.background.bed"
|    regularGeneCorrBed:
|        "/users/lvelten/project/Methylome/src/selection_pipeline/refdir/hg19/RE_gene_corr.bed"
|    enhancerRegularGeneCorrBed:
|        "/users/lvelten/project/Methylome/src/selection_pipeline/refdir/hg19/Enhancer_RE_gene_corr.bed"
|Other Parameters:
__________________________________________
Begin to check if it is finished...
2022-03-23 12:25:38
New step. Start processing data: 
2022-03-23 12:25:39
processing finished
All results have been saved.
